2015-12-22 07:05:49,987 Running job Every 1 second do job() (last run: [never], next run: 2015-12-22 07:05:49)
2015-12-22 07:05:53,260 Tweet posted
2015-12-22 07:05:54,265 Running job Every 1 second do job() (last run: 2015-12-22 07:05:53, next run: 2015-12-22 07:05:54)
2015-12-22 07:05:58,691 Tweet posted
2015-12-22 07:05:59,696 Running job Every 1 second do job() (last run: 2015-12-22 07:05:58, next run: 2015-12-22 07:05:59)
2015-12-22 07:06:03,186 Tweet posted
2015-12-22 07:06:04,191 Running job Every 1 second do job() (last run: 2015-12-22 07:06:03, next run: 2015-12-22 07:06:04)
2015-12-22 07:06:07,620 Tweet posted
2015-12-22 07:06:08,625 Running job Every 1 second do job() (last run: 2015-12-22 07:06:07, next run: 2015-12-22 07:06:08)
2015-12-22 07:06:12,485 Tweet posted
2015-12-22 07:06:13,490 Running job Every 1 second do job() (last run: 2015-12-22 07:06:12, next run: 2015-12-22 07:06:13)
2015-12-22 07:06:18,384 Tweet posted
2015-12-22 07:06:19,394 Running job Every 1 second do job() (last run: 2015-12-22 07:06:18, next run: 2015-12-22 07:06:19)
2015-12-22 07:06:22,757 Tweet posted
2015-12-22 07:06:23,762 Running job Every 1 second do job() (last run: 2015-12-22 07:06:22, next run: 2015-12-22 07:06:23)
2015-12-22 07:06:27,071 Tweet posted
2015-12-22 07:06:28,075 Running job Every 1 second do job() (last run: 2015-12-22 07:06:27, next run: 2015-12-22 07:06:28)
2015-12-22 07:06:31,423 Tweet posted
2015-12-22 07:06:32,428 Running job Every 1 second do job() (last run: 2015-12-22 07:06:31, next run: 2015-12-22 07:06:32)
2015-12-22 07:06:35,738 Tweet posted
2015-12-22 07:06:36,743 Running job Every 1 second do job() (last run: 2015-12-22 07:06:35, next run: 2015-12-22 07:06:36)
2015-12-22 07:06:40,059 Tweet posted
2015-12-22 07:06:41,064 Running job Every 1 second do job() (last run: 2015-12-22 07:06:40, next run: 2015-12-22 07:06:41)
2015-12-22 07:06:45,668 Tweet posted
2015-12-22 07:06:46,673 Running job Every 1 second do job() (last run: 2015-12-22 07:06:45, next run: 2015-12-22 07:06:46)
2015-12-22 07:06:49,918 Tweet posted
2015-12-22 07:06:50,923 Running job Every 1 minute do job() (last run: [never], next run: 2015-12-22 07:06:48)
2015-12-22 07:06:54,262 Tweet posted
2015-12-22 07:06:54,265 Running job Every 1 second do job() (last run: 2015-12-22 07:06:49, next run: 2015-12-22 07:06:50)
2015-12-22 07:06:57,572 Tweet posted
2015-12-22 07:06:58,577 Running job Every 1 second do job() (last run: 2015-12-22 07:06:57, next run: 2015-12-22 07:06:58)
2015-12-22 07:07:01,864 Tweet posted
2015-12-22 07:07:02,869 Running job Every 1 second do job() (last run: 2015-12-22 07:07:01, next run: 2015-12-22 07:07:02)
2015-12-22 07:07:06,186 Tweet posted
2015-12-22 07:07:07,191 Running job Every 1 second do job() (last run: 2015-12-22 07:07:06, next run: 2015-12-22 07:07:07)
2015-12-22 07:07:10,519 Tweet posted
2015-12-22 07:07:11,525 Running job Every 1 second do job() (last run: 2015-12-22 07:07:10, next run: 2015-12-22 07:07:11)
2015-12-22 07:07:15,490 Tweet posted
2015-12-22 07:07:16,495 Running job Every 1 second do job() (last run: 2015-12-22 07:07:15, next run: 2015-12-22 07:07:16)
2015-12-22 07:07:19,835 Tweet posted
2015-12-22 07:07:20,840 Running job Every 1 second do job() (last run: 2015-12-22 07:07:19, next run: 2015-12-22 07:07:20)
2015-12-22 07:07:24,093 Tweet posted
2015-12-22 07:07:25,097 Running job Every 1 second do job() (last run: 2015-12-22 07:07:24, next run: 2015-12-22 07:07:25)
2015-12-22 07:07:29,017 Tweet posted
2015-12-22 07:07:30,022 Running job Every 1 second do job() (last run: 2015-12-22 07:07:29, next run: 2015-12-22 07:07:30)
2015-12-22 07:07:33,244 Tweet posted
2015-12-22 07:07:34,249 Running job Every 1 second do job() (last run: 2015-12-22 07:07:33, next run: 2015-12-22 07:07:34)
2015-12-22 07:07:37,686 Tweet posted
2015-12-22 07:07:38,691 Running job Every 1 second do job() (last run: 2015-12-22 07:07:37, next run: 2015-12-22 07:07:38)
2015-12-22 07:07:42,004 Tweet posted
2015-12-22 07:07:43,008 Running job Every 1 second do job() (last run: 2015-12-22 07:07:42, next run: 2015-12-22 07:07:43)
2015-12-22 07:07:47,065 Tweet posted
2015-12-22 07:07:48,069 Running job Every 1 second do job() (last run: 2015-12-22 07:07:47, next run: 2015-12-22 07:07:48)
2015-12-22 07:07:51,353 Tweet posted
2015-12-22 07:07:52,357 Running job Every 1 second do job() (last run: 2015-12-22 07:07:51, next run: 2015-12-22 07:07:52)
2015-12-22 13:00:00,545 Running job Every 1 day at 13:00:00 do job() (last run: [never], next run: 2015-12-22 13:00:00)
2015-12-22 13:00:04,324 Tweet posted
2015-12-23 13:00:00,064 Running job Every 1 day at 13:00:00 do job() (last run: 2015-12-22 13:00:04, next run: 2015-12-23 13:00:00)
2015-12-23 13:00:03,707 Tweet posted
2015-12-24 13:00:00,157 Running job Every 1 day at 13:00:00 do job() (last run: 2015-12-23 13:00:03, next run: 2015-12-24 13:00:00)
2015-12-24 13:00:05,223 Tweet posted
2015-12-25 13:00:00,895 Running job Every 1 day at 13:00:00 do job() (last run: 2015-12-24 13:00:05, next run: 2015-12-25 13:00:00)
2015-12-25 13:00:03,776 Tweet posted
2015-12-26 13:00:00,045 Running job Every 1 day at 13:00:00 do job() (last run: 2015-12-25 13:00:03, next run: 2015-12-26 13:00:00)
2015-12-26 13:00:02,879 Tweet posted
2015-12-27 13:00:00,687 Running job Every 1 day at 13:00:00 do job() (last run: [never], next run: 2015-12-27 13:00:00)
2015-12-27 13:00:05,016 Tweet posted
2015-12-28 13:00:00,350 Running job Every 1 day at 13:00:00 do job() (last run: 2015-12-27 13:00:05, next run: 2015-12-28 13:00:00)
2015-12-28 13:00:05,743 Tweet posted
2015-12-29 08:00:00,366 Running job Every 1 day at 08:00:00 do job() (last run: [never], next run: 2015-12-29 08:00:00)
2015-12-29 08:00:02,936 Tweet posted
2015-12-29 13:00:00,301 Running job Every 1 day at 13:00:00 do job() (last run: 2015-12-28 13:00:05, next run: 2015-12-29 13:00:00)
2015-12-30 08:00:00,456 Running job Every 1 day at 08:00:00 do job() (last run: 2015-12-29 08:00:02, next run: 2015-12-30 08:00:00)
2015-12-30 08:00:07,011 Tweet posted
