2016-01-16 17:42:13,817 Message processed from message dropbox.
2016-01-16 17:42:13,817 Operation started: generation.
2016-01-16 17:42:13,826 SUCCEEDED: puzzle generation.
2016-01-16 17:42:13,826 SUCCEEDED: Twitter publication.
2016-01-16 17:42:13,826 Operation started: solution generation.
2016-01-16 17:42:13,826 SUCCEEDED: Unchecked word solutions.
2016-01-16 17:42:13,826 Operation started: Checking word solutions for reqs.
2016-01-16 17:42:13,826 SUCCEEDED: Solution generation.
2016-01-16 17:42:13,826 Operation started: Uploading solution via git
2016-01-16 17:42:14,531 SUCCEEDED: Uploaded solutions to GitHub.
2016-01-16 17:42:14,531 Main args solved.
2016-01-16 17:42:14,537 Folder hierarchy cleaned.
2016-01-16 17:42:23,336 Message processed from message dropbox.
2016-01-16 17:42:23,336 Operation started: generation.
2016-01-16 17:42:23,344 SUCCEEDED: puzzle generation.
2016-01-16 17:42:23,345 SUCCEEDED: Twitter publication.
2016-01-16 17:42:23,345 Operation started: solution generation.
2016-01-16 17:42:23,345 SUCCEEDED: Unchecked word solutions.
2016-01-16 17:42:23,345 Operation started: Checking word solutions for reqs.
2016-01-16 17:42:23,345 SUCCEEDED: Solution generation.
2016-01-16 17:42:23,345 Operation started: Uploading solution via git
2016-01-16 17:42:24,025 SUCCEEDED: Uploaded solutions to GitHub.
2016-01-16 17:42:24,025 Main args solved.
2016-01-16 17:42:24,029 Folder hierarchy cleaned.
